<?xml version="1.0" encoding="UTF-8"?>
<!-- Generated by org.testng.reporters.JUnitXMLReporter -->
<testsuite ignored="0" hostname="DESKTOP-DL16I83" failures="0" tests="7" name="Test" time="79.058" errors="0" timestamp="2022-02-17T17:29:28 IST">
  <testcase classname="DemoProject.CanadaDrives.AppTestsCases.RAM1500TestCases" name="TC01_NavigateToURLandSelectOntarioProvince" time="25.543"/>
  <testcase classname="DemoProject.CanadaDrives.AppTestsCases.RAM1500TestCases" name="TC02_SortByPriceLowToHigh" time="8.68"/>
  <testcase classname="DemoProject.CanadaDrives.AppTestsCases.RAM1500TestCases" name="TC07_ApplyFilterRAM1500" time="6.756"/>
  <testcase classname="DemoProject.CanadaDrives.AppTestsCases.RAM1500TestCases" name="TC03_Favorite3Ram1500Vehicles" time="5.894"/>
  <testcase classname="DemoProject.CanadaDrives.AppTestsCases.RAM1500TestCases" name="TC04_PickAnAvailableRam1500VehicleAndClickOnPurchase" time="16.383"/>
  <testcase classname="DemoProject.CanadaDrives.AppTestsCases.RAM1500TestCases" name="TC06_Select48MonthsWarranty" time="5.457"/>
  <testcase classname="DemoProject.CanadaDrives.AppTestsCases.RAM1500TestCases" name="TC05_EnterTorontoAddressInCalculateDelivery" time="10.284"/>
</testsuite> <!-- Test -->
