<?xml version="1.0" encoding="UTF-8"?>
<!-- Generated by org.testng.reporters.JUnitXMLReporter -->
<testsuite ignored="0" hostname="DESKTOP-DL16I83" failures="0" tests="7" name="Test" time="39.544" errors="0" timestamp="2022-02-16T22:23:14 IST">
  <testcase classname="DemoProject.CanadaDrives.AppTestsCases.RAM1500TestCases" name="TC01_NavigateToURLandSelectOntarioProvince" time="0.666"/>
  <testcase classname="DemoProject.CanadaDrives.AppTestsCases.RAM1500TestCases" name="TC02_SortByPriceLowToHigh" time="3.942"/>
  <testcase classname="DemoProject.CanadaDrives.AppTestsCases.RAM1500TestCases" name="TC07_ApplyFilterRAM1500" time="3.973"/>
  <testcase classname="DemoProject.CanadaDrives.AppTestsCases.RAM1500TestCases" name="TC03_Favorite3Ram1500Vehicles" time="4.092"/>
  <testcase classname="DemoProject.CanadaDrives.AppTestsCases.RAM1500TestCases" name="TC04_PickAnAvailableRam1500VehicleAndClickOnPurchase" time="3.609"/>
  <testcase classname="DemoProject.CanadaDrives.AppTestsCases.RAM1500TestCases" name="TC06_Select48MonthsWarranty" time="14.008"/>
  <testcase classname="DemoProject.CanadaDrives.AppTestsCases.RAM1500TestCases" name="TC05_EnterTorontoAddressInCalculateDelivery" time="9.212"/>
</testsuite> <!-- Test -->
