<?xml version="1.0" encoding="UTF-8"?>
<testng-results ignored="0" total="7" passed="7" failed="0" skipped="0">
  <reporter-output>
  </reporter-output>
  <suite started-at="2022-02-17T17:28:09 IST" name="Suite" finished-at="2022-02-17T17:29:28 IST" duration-ms="79058">
    <groups>
    </groups>
    <test started-at="2022-02-17T17:28:09 IST" name="Test" finished-at="2022-02-17T17:29:28 IST" duration-ms="79058">
      <class name="DemoProject.CanadaDrives.AppTestsCases.RAM1500TestCases">
        <test-method is-config="true" signature="setUp()[pri:0, instance:DemoProject.CanadaDrives.AppTestsCases.RAM1500TestCases@740cae06]" started-at="2022-02-17T17:27:35 IST" name="setUp" finished-at="2022-02-17T17:28:09 IST" duration-ms="33948" status="PASS">
          <reporter-output>
          </reporter-output>
        </test-method> <!-- setUp -->
        <test-method signature="TC01_NavigateToURLandSelectOntarioProvince()[pri:0, instance:DemoProject.CanadaDrives.AppTestsCases.RAM1500TestCases@740cae06]" started-at="2022-02-17T17:28:09 IST" name="TC01_NavigateToURLandSelectOntarioProvince" finished-at="2022-02-17T17:28:35 IST" duration-ms="25543" status="PASS">
          <reporter-output>
          </reporter-output>
        </test-method> <!-- TC01_NavigateToURLandSelectOntarioProvince -->
        <test-method signature="TC02_SortByPriceLowToHigh()[pri:1, instance:DemoProject.CanadaDrives.AppTestsCases.RAM1500TestCases@740cae06]" started-at="2022-02-17T17:28:35 IST" name="TC02_SortByPriceLowToHigh" finished-at="2022-02-17T17:28:43 IST" duration-ms="8680" status="PASS">
          <reporter-output>
          </reporter-output>
        </test-method> <!-- TC02_SortByPriceLowToHigh -->
        <test-method signature="TC07_ApplyFilterRAM1500()[pri:2, instance:DemoProject.CanadaDrives.AppTestsCases.RAM1500TestCases@740cae06]" started-at="2022-02-17T17:28:43 IST" name="TC07_ApplyFilterRAM1500" finished-at="2022-02-17T17:28:50 IST" duration-ms="6756" status="PASS">
          <reporter-output>
          </reporter-output>
        </test-method> <!-- TC07_ApplyFilterRAM1500 -->
        <test-method signature="TC03_Favorite3Ram1500Vehicles()[pri:3, instance:DemoProject.CanadaDrives.AppTestsCases.RAM1500TestCases@740cae06]" started-at="2022-02-17T17:28:50 IST" name="TC03_Favorite3Ram1500Vehicles" finished-at="2022-02-17T17:28:56 IST" duration-ms="5894" status="PASS">
          <reporter-output>
          </reporter-output>
        </test-method> <!-- TC03_Favorite3Ram1500Vehicles -->
        <test-method signature="TC04_PickAnAvailableRam1500VehicleAndClickOnPurchase()[pri:4, instance:DemoProject.CanadaDrives.AppTestsCases.RAM1500TestCases@740cae06]" started-at="2022-02-17T17:28:56 IST" name="TC04_PickAnAvailableRam1500VehicleAndClickOnPurchase" finished-at="2022-02-17T17:29:13 IST" duration-ms="16383" status="PASS">
          <reporter-output>
          </reporter-output>
        </test-method> <!-- TC04_PickAnAvailableRam1500VehicleAndClickOnPurchase -->
        <test-method signature="TC06_Select48MonthsWarranty()[pri:5, instance:DemoProject.CanadaDrives.AppTestsCases.RAM1500TestCases@740cae06]" started-at="2022-02-17T17:29:13 IST" name="TC06_Select48MonthsWarranty" finished-at="2022-02-17T17:29:18 IST" duration-ms="5457" status="PASS">
          <reporter-output>
          </reporter-output>
        </test-method> <!-- TC06_Select48MonthsWarranty -->
        <test-method signature="TC05_EnterTorontoAddressInCalculateDelivery()[pri:6, instance:DemoProject.CanadaDrives.AppTestsCases.RAM1500TestCases@740cae06]" started-at="2022-02-17T17:29:18 IST" name="TC05_EnterTorontoAddressInCalculateDelivery" finished-at="2022-02-17T17:29:28 IST" duration-ms="10284" status="PASS">
          <reporter-output>
          </reporter-output>
        </test-method> <!-- TC05_EnterTorontoAddressInCalculateDelivery -->
        <test-method is-config="true" signature="tearDown()[pri:0, instance:DemoProject.CanadaDrives.AppTestsCases.RAM1500TestCases@740cae06]" started-at="2022-02-17T17:29:28 IST" name="tearDown" finished-at="2022-02-17T17:29:37 IST" duration-ms="9089" status="PASS">
          <reporter-output>
          </reporter-output>
        </test-method> <!-- tearDown -->
      </class> <!-- DemoProject.CanadaDrives.AppTestsCases.RAM1500TestCases -->
    </test> <!-- Test -->
  </suite> <!-- Suite -->
</testng-results>
